<?xml version="1.0" encoding="UTF-8"?>
<testng-results ignored="0" total="2" passed="1" failed="1" skipped="0">
  <reporter-output>
  </reporter-output>
  <suite started-at="2022-10-12T13:39:13 IST" name="Suite" finished-at="2022-10-12T13:40:08 IST" duration-ms="55094">
    <groups>
    </groups>
    <test started-at="2022-10-12T13:39:13 IST" name="Test" finished-at="2022-10-12T13:40:08 IST" duration-ms="55094">
      <class name="pack2.NewTest">
        <test-method is-config="true" signature="launchbrowser(java.lang.String)[pri:0, instance:pack2.NewTest@9225652]" started-at="2022-10-12T13:39:13 IST" name="launchbrowser" finished-at="2022-10-12T13:39:26 IST" duration-ms="12432" status="PASS">
          <params>
            <param index="0">
              <value>
                <![CDATA[Chrome]]>
              </value>
            </param>
          </params>
          <reporter-output>
          </reporter-output>
        </test-method> <!-- launchbrowser -->
        <test-method is-config="true" signature="BeforeClass()[pri:0, instance:pack2.NewTest@9225652]" started-at="2022-10-12T13:39:26 IST" name="BeforeClass" finished-at="2022-10-12T13:40:03 IST" duration-ms="36995" status="PASS">
          <reporter-output>
          </reporter-output>
        </test-method> <!-- BeforeClass -->
        <test-method is-config="true" signature="LoginBookMy()[pri:0, instance:pack2.NewTest@9225652]" started-at="2022-10-12T13:40:03 IST" name="LoginBookMy" finished-at="2022-10-12T13:40:04 IST" duration-ms="1102" status="PASS">
          <reporter-output>
          </reporter-output>
        </test-method> <!-- LoginBookMy -->
        <test-method signature="PlaysVerify()[pri:0, instance:pack2.NewTest@9225652]" started-at="2022-10-12T13:40:04 IST" name="PlaysVerify" finished-at="2022-10-12T13:40:08 IST" duration-ms="4251" status="PASS">
          <reporter-output>
          </reporter-output>
        </test-method> <!-- PlaysVerify -->
        <test-method is-config="true" signature="clenPOMObject()[pri:0, instance:pack2.NewTest@9225652]" started-at="2022-10-12T13:40:08 IST" name="clenPOMObject" finished-at="2022-10-12T13:40:08 IST" duration-ms="1" status="PASS">
          <reporter-output>
          </reporter-output>
        </test-method> <!-- clenPOMObject -->
        <test-method is-config="true" signature="LoginBookMy()[pri:0, instance:pack2.NewTest@9225652]" started-at="2022-10-12T13:40:08 IST" name="LoginBookMy" finished-at="2022-10-12T13:40:08 IST" duration-ms="110" status="PASS">
          <reporter-output>
          </reporter-output>
        </test-method> <!-- LoginBookMy -->
        <test-method signature="Thearter()[pri:0, instance:pack2.NewTest@9225652]" started-at="2022-10-12T13:40:08 IST" name="Thearter" finished-at="2022-10-12T13:40:08 IST" duration-ms="25" status="FAIL">
          <exception class="java.lang.NullPointerException">
            <message>
              <![CDATA[Cannot invoke "pack1.Plays.ClickOnPlays()" because "this.plays" is null]]>
            </message>
            <full-stacktrace>
              <![CDATA[java.lang.NullPointerException: Cannot invoke "pack1.Plays.ClickOnPlays()" because "this.plays" is null
at pack2.NewTest.Thearter(NewTest.java:77)
at java.base/jdk.internal.reflect.DirectMethodHandleAccessor.invoke(DirectMethodHandleAccessor.java:104)
at java.base/java.lang.reflect.Method.invoke(Method.java:577)
at org.testng.internal.MethodInvocationHelper.invokeMethod(MethodInvocationHelper.java:133)
at org.testng.internal.TestInvoker.invokeMethod(TestInvoker.java:598)
at org.testng.internal.TestInvoker.invokeTestMethod(TestInvoker.java:173)
at org.testng.internal.MethodRunner.runInSequence(MethodRunner.java:46)
at org.testng.internal.TestInvoker$MethodInvocationAgent.invoke(TestInvoker.java:824)
at org.testng.internal.TestInvoker.invokeTestMethods(TestInvoker.java:146)
at org.testng.internal.TestMethodWorker.invokeTestMethods(TestMethodWorker.java:146)
at org.testng.internal.TestMethodWorker.run(TestMethodWorker.java:128)
at java.base/java.util.ArrayList.forEach(ArrayList.java:1511)
at org.testng.TestRunner.privateRun(TestRunner.java:794)
at org.testng.TestRunner.run(TestRunner.java:596)
at org.testng.SuiteRunner.runTest(SuiteRunner.java:377)
at org.testng.SuiteRunner.runSequentially(SuiteRunner.java:371)
at org.testng.SuiteRunner.privateRun(SuiteRunner.java:332)
at org.testng.SuiteRunner.run(SuiteRunner.java:276)
at org.testng.SuiteRunnerWorker.runSuite(SuiteRunnerWorker.java:53)
at org.testng.SuiteRunnerWorker.run(SuiteRunnerWorker.java:96)
at org.testng.TestNG.runSuitesSequentially(TestNG.java:1212)
at org.testng.TestNG.runSuitesLocally(TestNG.java:1134)
at org.testng.TestNG.runSuites(TestNG.java:1063)
at org.testng.TestNG.run(TestNG.java:1031)
at org.testng.remote.AbstractRemoteTestNG.run(AbstractRemoteTestNG.java:115)
at org.testng.remote.RemoteTestNG.initAndRun(RemoteTestNG.java:251)
at org.testng.remote.RemoteTestNG.main(RemoteTestNG.java:77)
]]>
            </full-stacktrace>
          </exception> <!-- java.lang.NullPointerException -->
          <reporter-output>
          </reporter-output>
        </test-method> <!-- Thearter -->
        <test-method is-config="true" signature="clenPOMObject()[pri:0, instance:pack2.NewTest@9225652]" started-at="2022-10-12T13:40:08 IST" name="clenPOMObject" finished-at="2022-10-12T13:40:08 IST" duration-ms="0" status="PASS">
          <reporter-output>
          </reporter-output>
        </test-method> <!-- clenPOMObject -->
        <test-method is-config="true" signature="afterClass()[pri:0, instance:pack2.NewTest@9225652]" started-at="2022-10-12T13:40:08 IST" name="afterClass" finished-at="2022-10-12T13:40:08 IST" duration-ms="35" status="PASS">
          <reporter-output>
          </reporter-output>
        </test-method> <!-- afterClass -->
      </class> <!-- pack2.NewTest -->
    </test> <!-- Test -->
  </suite> <!-- Suite -->
</testng-results>
