<?xml version="1.0" encoding="UTF-8"?>
<!-- Generated by org.testng.reporters.JUnitXMLReporter -->
<testsuite ignored="0" hostname="Shreeya-PC" failures="1" tests="2" name="Test" time="55.094" errors="0" timestamp="2022-10-12T13:40:09 IST">
  <testcase classname="pack2.NewTest" name="PlaysVerify" time="4.251"/>
  <testcase classname="pack2.NewTest" name="Thearter" time="0.025">
    <failure type="java.lang.NullPointerException" message="Cannot invoke &amp;quot;pack1.Plays.ClickOnPlays()&amp;quot; because &amp;quot;this.plays&amp;quot; is null">
      <![CDATA[java.lang.NullPointerException: Cannot invoke "pack1.Plays.ClickOnPlays()" because "this.plays" is null
at pack2.NewTest.Thearter(NewTest.java:77)
at java.base/java.util.ArrayList.forEach(ArrayList.java:1511)
... Removed 25 stack frames]]>
    </failure>
  </testcase> <!-- Thearter -->
</testsuite> <!-- Test -->
